<?xml version="1.0" encoding="UTF-8"?>
<!-- Generated by org.testng.reporters.JUnitReportReporter -->
<testsuite hostname="Munim" failures="0" tests="3" name="com.FacebookTest.FacebookTest" time="21.215" errors="0" timestamp="2023-09-09T11:52:15 GMT-05:00" skipped="0">
  <testcase classname="com.FacebookTest.FacebookTest" name="testone" time="0.005"/>
  <system-out/>
  <testcase classname="com.FacebookTest.FacebookTest" name="openEdgeBrowser" time="10.191"/>
  <system-out/>
  <testcase classname="com.FacebookTest.FacebookTest" name="openChromeBrowser" time="11.019"/>
  <system-out/>
</testsuite> <!-- com.FacebookTest.FacebookTest -->
