<?xml version="1.0" encoding="UTF-8"?>
<!-- Generated by org.testng.reporters.JUnitReportReporter -->
<testsuite hostname="Munim" failures="0" tests="3" name="com.facebook.locators.DircetLocators2" time="1.222" errors="0" timestamp="2023-09-12T21:52:49 GMT-05:00" skipped="0">
  <testcase classname="com.facebook.locators.DircetLocators2" name="linkTestLocators" time="0.987"/>
  <system-out/>
  <testcase classname="com.facebook.locators.DircetLocators2" name="nameLocators" time="0.133"/>
  <system-out/>
  <testcase classname="com.facebook.locators.DircetLocators2" name="idLocators" time="0.102"/>
  <system-out/>
</testsuite> <!-- com.facebook.locators.DircetLocators2 -->
