<?xml version="1.0" encoding="UTF-8"?>
<!-- Generated by org.testng.reporters.JUnitReportReporter -->
<testsuite hostname="Munim" failures="0" tests="1" name="com.facebook.locators.RegularXpath" time="0.486" errors="0" timestamp="2023-09-10T19:24:55 GMT-05:00" skipped="0">
  <testcase classname="com.facebook.locators.RegularXpath" name="loginTest" time="0.486"/>
  <system-out/>
</testsuite> <!-- com.facebook.locators.RegularXpath -->
